The system is: Linux - 3.8.13-tinycore - i686
Compiling the C compiler identification source file "CMakeCCompilerId.c" succeeded.
Compiler: /usr/local/bin/cc 
Build flags: 
Id flags: 

The output was:
0


Compilation of the C compiler identification source "CMakeCCompilerId.c" produced "a.out"

The C compiler identification is GNU, found in "/home/tc/Downloads/eigen-eigen-1306d75b4a21/build_dir/CMakeFiles/2.8.12/CompilerIdC/a.out"

Compiling the CXX compiler identification source file "CMakeCXXCompilerId.cpp" succeeded.
Compiler: /usr/local/bin/c++ 
Build flags: 
Id flags: 

The output was:
0


Compilation of the CXX compiler identification source "CMakeCXXCompilerId.cpp" produced "a.out"

The CXX compiler identification is GNU, found in "/home/tc/Downloads/eigen-eigen-1306d75b4a21/build_dir/CMakeFiles/2.8.12/CompilerIdCXX/a.out"

Determining if the C compiler works passed with the following output:
Change Dir: /home/tc/Downloads/eigen-eigen-1306d75b4a21/build_dir/CMakeFiles/CMakeTmp

Run Build Command:/usr/local/bin/make "cmTryCompileExec2794428058/fast"
/usr/local/bin/make -f CMakeFiles/cmTryCompileExec2794428058.dir/build.make CMakeFiles/cmTryCompileExec2794428058.dir/build
make[1]: Entering directory `/home/tc/Downloads/eigen-eigen-1306d75b4a21/build_dir/CMakeFiles/CMakeTmp'
/tmp/tcloop/cmake/usr/local/bin/cmake -E cmake_progress_report /home/tc/Downloads/eigen-eigen-1306d75b4a21/build_dir/CMakeFiles/CMakeTmp/CMakeFiles 1
Building C object CMakeFiles/cmTryCompileExec2794428058.dir/testCCompiler.c.o
/usr/local/bin/cc    -o CMakeFiles/cmTryCompileExec2794428058.dir/testCCompiler.c.o   -c /home/tc/Downloads/eigen-eigen-1306d75b4a21/build_dir/CMakeFiles/CMakeTmp/testCCompiler.c
Linking C executable cmTryCompileExec2794428058
/tmp/tcloop/cmake/usr/local/bin/cmake -E cmake_link_script CMakeFiles/cmTryCompileExec2794428058.dir/link.txt --verbose=1
/usr/local/bin/cc       CMakeFiles/cmTryCompileExec2794428058.dir/testCCompiler.c.o  -o cmTryCompileExec2794428058 -rdynamic 
make[1]: Leaving directory `/home/tc/Downloads/eigen-eigen-1306d75b4a21/build_dir/CMakeFiles/CMakeTmp'


Detecting C compiler ABI info compiled with the following output:
Change Dir: /home/tc/Downloads/eigen-eigen-1306d75b4a21/build_dir/CMakeFiles/CMakeTmp

Run Build Command:/usr/local/bin/make "cmTryCompileExec916529418/fast"
/usr/local/bin/make -f CMakeFiles/cmTryCompileExec916529418.dir/build.make CMakeFiles/cmTryCompileExec916529418.dir/build
make[1]: Entering directory `/home/tc/Downloads/eigen-eigen-1306d75b4a21/build_dir/CMakeFiles/CMakeTmp'
/tmp/tcloop/cmake/usr/local/bin/cmake -E cmake_progress_report /home/tc/Downloads/eigen-eigen-1306d75b4a21/build_dir/CMakeFiles/CMakeTmp/CMakeFiles 1
Building C object CMakeFiles/cmTryCompileExec916529418.dir/CMakeCCompilerABI.c.o
/usr/local/bin/cc    -o CMakeFiles/cmTryCompileExec916529418.dir/CMakeCCompilerABI.c.o   -c /tmp/tcloop/cmake/usr/local/share/cmake-2.8/Modules/CMakeCCompilerABI.c
Linking C executable cmTryCompileExec916529418
/tmp/tcloop/cmake/usr/local/bin/cmake -E cmake_link_script CMakeFiles/cmTryCompileExec916529418.dir/link.txt --verbose=1
/usr/local/bin/cc     -v CMakeFiles/cmTryCompileExec916529418.dir/CMakeCCompilerABI.c.o  -o cmTryCompileExec916529418 -rdynamic  
Reading specs from /usr/local/lib/gcc/i486-pc-linux-gnu/4.7.2/specs
COLLECT_GCC=/usr/local/bin/cc
COLLECT_LTO_WRAPPER=/usr/local/lib/gcc/i486-pc-linux-gnu/4.7.2/lto-wrapper
Target: i486-pc-linux-gnu
Configured with: ../gcc-4.7.2/configure --prefix=/usr/local --libexecdir=/usr/local/lib --enable-shared --enable-threads=posix --enable-__cxa_atexit --enable-c99 --enable-long-long --enable-clocale=gnu --enable-languages=c,c++ --disable-multilib --disable-libstdcxx-pch --enable-cloog-backend=isl --with-system-zlib --enable-frame-pointer --disable-bootstrap --disable-cloog-version-check --enable-lto --with-mpc=/usr/local --with-mpfr=/usr/local --with-gmp=/usr/local--with-ppl=/usr/local --with-cloog=/usr/local --enable-cloog-backend=isl --disable-cloog-version-check
Thread model: posix
gcc version 4.7.2 (GCC) 
COMPILER_PATH=/usr/local/lib/gcc/i486-pc-linux-gnu/4.7.2/:/usr/local/lib/gcc/i486-pc-linux-gnu/4.7.2/:/usr/local/lib/gcc/i486-pc-linux-gnu/:/usr/local/lib/gcc/i486-pc-linux-gnu/4.7.2/:/usr/local/lib/gcc/i486-pc-linux-gnu/:/usr/local/lib/gcc/i486-pc-linux-gnu/4.7.2/../../../../i486-pc-linux-gnu/bin/
LIBRARY_PATH=/usr/local/lib/gcc/i486-pc-linux-gnu/4.7.2/:/usr/local/lib/gcc/i486-pc-linux-gnu/4.7.2/../../../../i486-pc-linux-gnu/lib/:/usr/local/lib/gcc/i486-pc-linux-gnu/4.7.2/../../../:/lib/:/usr/lib/
COLLECT_GCC_OPTIONS='-v' '-o' 'cmTryCompileExec916529418' '-rdynamic' '-mtune=i486' '-march=i486'
 /usr/local/lib/gcc/i486-pc-linux-gnu/4.7.2/collect2 --eh-frame-hdr -m elf_i386 -export-dynamic -dynamic-linker /lib/ld-linux.so.2 -o cmTryCompileExec916529418 /usr/lib/crt1.o /usr/lib/crti.o /usr/local/lib/gcc/i486-pc-linux-gnu/4.7.2/crtbegin.o -L/usr/local/lib/gcc/i486-pc-linux-gnu/4.7.2 -L/usr/local/lib/gcc/i486-pc-linux-gnu/4.7.2/../../../../i486-pc-linux-gnu/lib -L/usr/local/lib/gcc/i486-pc-linux-gnu/4.7.2/../../.. CMakeFiles/cmTryCompileExec916529418.dir/CMakeCCompilerABI.c.o -lgcc --as-needed -lgcc_s --no-as-needed -lc -lgcc --as-needed -lgcc_s --no-as-needed /usr/local/lib/gcc/i486-pc-linux-gnu/4.7.2/crtend.o /usr/lib/crtn.o
make[1]: Leaving directory `/home/tc/Downloads/eigen-eigen-1306d75b4a21/build_dir/CMakeFiles/CMakeTmp'


Parsed C implicit link information from above output:
  link line regex: [^( *|.*[/\])(ld|([^/\]+-)?ld|collect2)[^/\]*( |$)]
  ignore line: [Change Dir: /home/tc/Downloads/eigen-eigen-1306d75b4a21/build_dir/CMakeFiles/CMakeTmp]
  ignore line: []
  ignore line: [Run Build Command:/usr/local/bin/make "cmTryCompileExec916529418/fast"]
  ignore line: [/usr/local/bin/make -f CMakeFiles/cmTryCompileExec916529418.dir/build.make CMakeFiles/cmTryCompileExec916529418.dir/build]
  ignore line: [make[1]: Entering directory `/home/tc/Downloads/eigen-eigen-1306d75b4a21/build_dir/CMakeFiles/CMakeTmp']
  ignore line: [/tmp/tcloop/cmake/usr/local/bin/cmake -E cmake_progress_report /home/tc/Downloads/eigen-eigen-1306d75b4a21/build_dir/CMakeFiles/CMakeTmp/CMakeFiles 1]
  ignore line: [Building C object CMakeFiles/cmTryCompileExec916529418.dir/CMakeCCompilerABI.c.o]
  ignore line: [/usr/local/bin/cc    -o CMakeFiles/cmTryCompileExec916529418.dir/CMakeCCompilerABI.c.o   -c /tmp/tcloop/cmake/usr/local/share/cmake-2.8/Modules/CMakeCCompilerABI.c]
  ignore line: [Linking C executable cmTryCompileExec916529418]
  ignore line: [/tmp/tcloop/cmake/usr/local/bin/cmake -E cmake_link_script CMakeFiles/cmTryCompileExec916529418.dir/link.txt --verbose=1]
  ignore line: [/usr/local/bin/cc     -v CMakeFiles/cmTryCompileExec916529418.dir/CMakeCCompilerABI.c.o  -o cmTryCompileExec916529418 -rdynamic  ]
  ignore line: [Reading specs from /usr/local/lib/gcc/i486-pc-linux-gnu/4.7.2/specs]
  ignore line: [COLLECT_GCC=/usr/local/bin/cc]
  ignore line: [COLLECT_LTO_WRAPPER=/usr/local/lib/gcc/i486-pc-linux-gnu/4.7.2/lto-wrapper]
  ignore line: [Target: i486-pc-linux-gnu]
  ignore line: [Configured with: ../gcc-4.7.2/configure --prefix=/usr/local --libexecdir=/usr/local/lib --enable-shared --enable-threads=posix --enable-__cxa_atexit --enable-c99 --enable-long-long --enable-clocale=gnu --enable-languages=c,c++ --disable-multilib --disable-libstdcxx-pch --enable-cloog-backend=isl --with-system-zlib --enable-frame-pointer --disable-bootstrap --disable-cloog-version-check --enable-lto --with-mpc=/usr/local --with-mpfr=/usr/local --with-gmp=/usr/local--with-ppl=/usr/local --with-cloog=/usr/local --enable-cloog-backend=isl --disable-cloog-version-check]
  ignore line: [Thread model: posix]
  ignore line: [gcc version 4.7.2 (GCC) ]
  ignore line: [COMPILER_PATH=/usr/local/lib/gcc/i486-pc-linux-gnu/4.7.2/:/usr/local/lib/gcc/i486-pc-linux-gnu/4.7.2/:/usr/local/lib/gcc/i486-pc-linux-gnu/:/usr/local/lib/gcc/i486-pc-linux-gnu/4.7.2/:/usr/local/lib/gcc/i486-pc-linux-gnu/:/usr/local/lib/gcc/i486-pc-linux-gnu/4.7.2/../../../../i486-pc-linux-gnu/bin/]
  ignore line: [LIBRARY_PATH=/usr/local/lib/gcc/i486-pc-linux-gnu/4.7.2/:/usr/local/lib/gcc/i486-pc-linux-gnu/4.7.2/../../../../i486-pc-linux-gnu/lib/:/usr/local/lib/gcc/i486-pc-linux-gnu/4.7.2/../../../:/lib/:/usr/lib/]
  ignore line: [COLLECT_GCC_OPTIONS='-v' '-o' 'cmTryCompileExec916529418' '-rdynamic' '-mtune=i486' '-march=i486']
  link line: [ /usr/local/lib/gcc/i486-pc-linux-gnu/4.7.2/collect2 --eh-frame-hdr -m elf_i386 -export-dynamic -dynamic-linker /lib/ld-linux.so.2 -o cmTryCompileExec916529418 /usr/lib/crt1.o /usr/lib/crti.o /usr/local/lib/gcc/i486-pc-linux-gnu/4.7.2/crtbegin.o -L/usr/local/lib/gcc/i486-pc-linux-gnu/4.7.2 -L/usr/local/lib/gcc/i486-pc-linux-gnu/4.7.2/../../../../i486-pc-linux-gnu/lib -L/usr/local/lib/gcc/i486-pc-linux-gnu/4.7.2/../../.. CMakeFiles/cmTryCompileExec916529418.dir/CMakeCCompilerABI.c.o -lgcc --as-needed -lgcc_s --no-as-needed -lc -lgcc --as-needed -lgcc_s --no-as-needed /usr/local/lib/gcc/i486-pc-linux-gnu/4.7.2/crtend.o /usr/lib/crtn.o]
    arg [/usr/local/lib/gcc/i486-pc-linux-gnu/4.7.2/collect2] ==> ignore
    arg [--eh-frame-hdr] ==> ignore
    arg [-m] ==> ignore
    arg [elf_i386] ==> ignore
    arg [-export-dynamic] ==> ignore
    arg [-dynamic-linker] ==> ignore
    arg [/lib/ld-linux.so.2] ==> ignore
    arg [-o] ==> ignore
    arg [cmTryCompileExec916529418] ==> ignore
    arg [/usr/lib/crt1.o] ==> ignore
    arg [/usr/lib/crti.o] ==> ignore
    arg [/usr/local/lib/gcc/i486-pc-linux-gnu/4.7.2/crtbegin.o] ==> ignore
    arg [-L/usr/local/lib/gcc/i486-pc-linux-gnu/4.7.2] ==> dir [/usr/local/lib/gcc/i486-pc-linux-gnu/4.7.2]
    arg [-L/usr/local/lib/gcc/i486-pc-linux-gnu/4.7.2/../../../../i486-pc-linux-gnu/lib] ==> dir [/usr/local/lib/gcc/i486-pc-linux-gnu/4.7.2/../../../../i486-pc-linux-gnu/lib]
    arg [-L/usr/local/lib/gcc/i486-pc-linux-gnu/4.7.2/../../..] ==> dir [/usr/local/lib/gcc/i486-pc-linux-gnu/4.7.2/../../..]
    arg [CMakeFiles/cmTryCompileExec916529418.dir/CMakeCCompilerABI.c.o] ==> ignore
    arg [-lgcc] ==> lib [gcc]
    arg [--as-needed] ==> ignore
    arg [-lgcc_s] ==> lib [gcc_s]
    arg [--no-as-needed] ==> ignore
    arg [-lc] ==> lib [c]
    arg [-lgcc] ==> lib [gcc]
    arg [--as-needed] ==> ignore
    arg [-lgcc_s] ==> lib [gcc_s]
    arg [--no-as-needed] ==> ignore
    arg [/usr/local/lib/gcc/i486-pc-linux-gnu/4.7.2/crtend.o] ==> ignore
    arg [/usr/lib/crtn.o] ==> ignore
  remove lib [gcc]
  remove lib [gcc_s]
  remove lib [gcc]
  remove lib [gcc_s]
  collapse library dir [/usr/local/lib/gcc/i486-pc-linux-gnu/4.7.2] ==> [/usr/local/lib/gcc/i486-pc-linux-gnu/4.7.2]
  collapse library dir [/usr/local/lib/gcc/i486-pc-linux-gnu/4.7.2/../../../../i486-pc-linux-gnu/lib] ==> [/usr/local/i486-pc-linux-gnu/lib]
  collapse library dir [/usr/local/lib/gcc/i486-pc-linux-gnu/4.7.2/../../..] ==> [/usr/local/lib]
  implicit libs: [c]
  implicit dirs: [/usr/local/lib/gcc/i486-pc-linux-gnu/4.7.2;/usr/local/i486-pc-linux-gnu/lib;/usr/local/lib]
  implicit fwks: []


Determining if the CXX compiler works passed with the following output:
Change Dir: /home/tc/Downloads/eigen-eigen-1306d75b4a21/build_dir/CMakeFiles/CMakeTmp

Run Build Command:/usr/local/bin/make "cmTryCompileExec3458665377/fast"
/usr/local/bin/make -f CMakeFiles/cmTryCompileExec3458665377.dir/build.make CMakeFiles/cmTryCompileExec3458665377.dir/build
make[1]: Entering directory `/home/tc/Downloads/eigen-eigen-1306d75b4a21/build_dir/CMakeFiles/CMakeTmp'
/tmp/tcloop/cmake/usr/local/bin/cmake -E cmake_progress_report /home/tc/Downloads/eigen-eigen-1306d75b4a21/build_dir/CMakeFiles/CMakeTmp/CMakeFiles 1
Building CXX object CMakeFiles/cmTryCompileExec3458665377.dir/testCXXCompiler.cxx.o
/usr/local/bin/c++     -o CMakeFiles/cmTryCompileExec3458665377.dir/testCXXCompiler.cxx.o -c /home/tc/Downloads/eigen-eigen-1306d75b4a21/build_dir/CMakeFiles/CMakeTmp/testCXXCompiler.cxx
Linking CXX executable cmTryCompileExec3458665377
/tmp/tcloop/cmake/usr/local/bin/cmake -E cmake_link_script CMakeFiles/cmTryCompileExec3458665377.dir/link.txt --verbose=1
/usr/local/bin/c++        CMakeFiles/cmTryCompileExec3458665377.dir/testCXXCompiler.cxx.o  -o cmTryCompileExec3458665377 -rdynamic 
make[1]: Leaving directory `/home/tc/Downloads/eigen-eigen-1306d75b4a21/build_dir/CMakeFiles/CMakeTmp'


Detecting CXX compiler ABI info compiled with the following output:
Change Dir: /home/tc/Downloads/eigen-eigen-1306d75b4a21/build_dir/CMakeFiles/CMakeTmp

Run Build Command:/usr/local/bin/make "cmTryCompileExec353787899/fast"
/usr/local/bin/make -f CMakeFiles/cmTryCompileExec353787899.dir/build.make CMakeFiles/cmTryCompileExec353787899.dir/build
make[1]: Entering directory `/home/tc/Downloads/eigen-eigen-1306d75b4a21/build_dir/CMakeFiles/CMakeTmp'
/tmp/tcloop/cmake/usr/local/bin/cmake -E cmake_progress_report /home/tc/Downloads/eigen-eigen-1306d75b4a21/build_dir/CMakeFiles/CMakeTmp/CMakeFiles 1
Building CXX object CMakeFiles/cmTryCompileExec353787899.dir/CMakeCXXCompilerABI.cpp.o
/usr/local/bin/c++     -o CMakeFiles/cmTryCompileExec353787899.dir/CMakeCXXCompilerABI.cpp.o -c /tmp/tcloop/cmake/usr/local/share/cmake-2.8/Modules/CMakeCXXCompilerABI.cpp
Linking CXX executable cmTryCompileExec353787899
/tmp/tcloop/cmake/usr/local/bin/cmake -E cmake_link_script CMakeFiles/cmTryCompileExec353787899.dir/link.txt --verbose=1
/usr/local/bin/c++      -v CMakeFiles/cmTryCompileExec353787899.dir/CMakeCXXCompilerABI.cpp.o  -o cmTryCompileExec353787899 -rdynamic  
Reading specs from /usr/local/lib/gcc/i486-pc-linux-gnu/4.7.2/specs
COLLECT_GCC=/usr/local/bin/c++
COLLECT_LTO_WRAPPER=/usr/local/lib/gcc/i486-pc-linux-gnu/4.7.2/lto-wrapper
Target: i486-pc-linux-gnu
Configured with: ../gcc-4.7.2/configure --prefix=/usr/local --libexecdir=/usr/local/lib --enable-shared --enable-threads=posix --enable-__cxa_atexit --enable-c99 --enable-long-long --enable-clocale=gnu --enable-languages=c,c++ --disable-multilib --disable-libstdcxx-pch --enable-cloog-backend=isl --with-system-zlib --enable-frame-pointer --disable-bootstrap --disable-cloog-version-check --enable-lto --with-mpc=/usr/local --with-mpfr=/usr/local --with-gmp=/usr/local--with-ppl=/usr/local --with-cloog=/usr/local --enable-cloog-backend=isl --disable-cloog-version-check
Thread model: posix
gcc version 4.7.2 (GCC) 
COMPILER_PATH=/usr/local/lib/gcc/i486-pc-linux-gnu/4.7.2/:/usr/local/lib/gcc/i486-pc-linux-gnu/4.7.2/:/usr/local/lib/gcc/i486-pc-linux-gnu/:/usr/local/lib/gcc/i486-pc-linux-gnu/4.7.2/:/usr/local/lib/gcc/i486-pc-linux-gnu/:/usr/local/lib/gcc/i486-pc-linux-gnu/4.7.2/../../../../i486-pc-linux-gnu/bin/
LIBRARY_PATH=/usr/local/lib/gcc/i486-pc-linux-gnu/4.7.2/:/usr/local/lib/gcc/i486-pc-linux-gnu/4.7.2/../../../../i486-pc-linux-gnu/lib/:/usr/local/lib/gcc/i486-pc-linux-gnu/4.7.2/../../../:/lib/:/usr/lib/
COLLECT_GCC_OPTIONS='-v' '-o' 'cmTryCompileExec353787899' '-rdynamic' '-shared-libgcc' '-mtune=i486' '-march=i486'
 /usr/local/lib/gcc/i486-pc-linux-gnu/4.7.2/collect2 --eh-frame-hdr -m elf_i386 -export-dynamic -dynamic-linker /lib/ld-linux.so.2 -o cmTryCompileExec353787899 /usr/lib/crt1.o /usr/lib/crti.o /usr/local/lib/gcc/i486-pc-linux-gnu/4.7.2/crtbegin.o -L/usr/local/lib/gcc/i486-pc-linux-gnu/4.7.2 -L/usr/local/lib/gcc/i486-pc-linux-gnu/4.7.2/../../../../i486-pc-linux-gnu/lib -L/usr/local/lib/gcc/i486-pc-linux-gnu/4.7.2/../../.. CMakeFiles/cmTryCompileExec353787899.dir/CMakeCXXCompilerABI.cpp.o -lstdc++ -lm -lgcc_s -lgcc -lc -lgcc_s -lgcc /usr/local/lib/gcc/i486-pc-linux-gnu/4.7.2/crtend.o /usr/lib/crtn.o
make[1]: Leaving directory `/home/tc/Downloads/eigen-eigen-1306d75b4a21/build_dir/CMakeFiles/CMakeTmp'


Parsed CXX implicit link information from above output:
  link line regex: [^( *|.*[/\])(ld|([^/\]+-)?ld|collect2)[^/\]*( |$)]
  ignore line: [Change Dir: /home/tc/Downloads/eigen-eigen-1306d75b4a21/build_dir/CMakeFiles/CMakeTmp]
  ignore line: []
  ignore line: [Run Build Command:/usr/local/bin/make "cmTryCompileExec353787899/fast"]
  ignore line: [/usr/local/bin/make -f CMakeFiles/cmTryCompileExec353787899.dir/build.make CMakeFiles/cmTryCompileExec353787899.dir/build]
  ignore line: [make[1]: Entering directory `/home/tc/Downloads/eigen-eigen-1306d75b4a21/build_dir/CMakeFiles/CMakeTmp']
  ignore line: [/tmp/tcloop/cmake/usr/local/bin/cmake -E cmake_progress_report /home/tc/Downloads/eigen-eigen-1306d75b4a21/build_dir/CMakeFiles/CMakeTmp/CMakeFiles 1]
  ignore line: [Building CXX object CMakeFiles/cmTryCompileExec353787899.dir/CMakeCXXCompilerABI.cpp.o]
  ignore line: [/usr/local/bin/c++     -o CMakeFiles/cmTryCompileExec353787899.dir/CMakeCXXCompilerABI.cpp.o -c /tmp/tcloop/cmake/usr/local/share/cmake-2.8/Modules/CMakeCXXCompilerABI.cpp]
  ignore line: [Linking CXX executable cmTryCompileExec353787899]
  ignore line: [/tmp/tcloop/cmake/usr/local/bin/cmake -E cmake_link_script CMakeFiles/cmTryCompileExec353787899.dir/link.txt --verbose=1]
  ignore line: [/usr/local/bin/c++      -v CMakeFiles/cmTryCompileExec353787899.dir/CMakeCXXCompilerABI.cpp.o  -o cmTryCompileExec353787899 -rdynamic  ]
  ignore line: [Reading specs from /usr/local/lib/gcc/i486-pc-linux-gnu/4.7.2/specs]
  ignore line: [COLLECT_GCC=/usr/local/bin/c++]
  ignore line: [COLLECT_LTO_WRAPPER=/usr/local/lib/gcc/i486-pc-linux-gnu/4.7.2/lto-wrapper]
  ignore line: [Target: i486-pc-linux-gnu]
  ignore line: [Configured with: ../gcc-4.7.2/configure --prefix=/usr/local --libexecdir=/usr/local/lib --enable-shared --enable-threads=posix --enable-__cxa_atexit --enable-c99 --enable-long-long --enable-clocale=gnu --enable-languages=c,c++ --disable-multilib --disable-libstdcxx-pch --enable-cloog-backend=isl --with-system-zlib --enable-frame-pointer --disable-bootstrap --disable-cloog-version-check --enable-lto --with-mpc=/usr/local --with-mpfr=/usr/local --with-gmp=/usr/local--with-ppl=/usr/local --with-cloog=/usr/local --enable-cloog-backend=isl --disable-cloog-version-check]
  ignore line: [Thread model: posix]
  ignore line: [gcc version 4.7.2 (GCC) ]
  ignore line: [COMPILER_PATH=/usr/local/lib/gcc/i486-pc-linux-gnu/4.7.2/:/usr/local/lib/gcc/i486-pc-linux-gnu/4.7.2/:/usr/local/lib/gcc/i486-pc-linux-gnu/:/usr/local/lib/gcc/i486-pc-linux-gnu/4.7.2/:/usr/local/lib/gcc/i486-pc-linux-gnu/:/usr/local/lib/gcc/i486-pc-linux-gnu/4.7.2/../../../../i486-pc-linux-gnu/bin/]
  ignore line: [LIBRARY_PATH=/usr/local/lib/gcc/i486-pc-linux-gnu/4.7.2/:/usr/local/lib/gcc/i486-pc-linux-gnu/4.7.2/../../../../i486-pc-linux-gnu/lib/:/usr/local/lib/gcc/i486-pc-linux-gnu/4.7.2/../../../:/lib/:/usr/lib/]
  ignore line: [COLLECT_GCC_OPTIONS='-v' '-o' 'cmTryCompileExec353787899' '-rdynamic' '-shared-libgcc' '-mtune=i486' '-march=i486']
  link line: [ /usr/local/lib/gcc/i486-pc-linux-gnu/4.7.2/collect2 --eh-frame-hdr -m elf_i386 -export-dynamic -dynamic-linker /lib/ld-linux.so.2 -o cmTryCompileExec353787899 /usr/lib/crt1.o /usr/lib/crti.o /usr/local/lib/gcc/i486-pc-linux-gnu/4.7.2/crtbegin.o -L/usr/local/lib/gcc/i486-pc-linux-gnu/4.7.2 -L/usr/local/lib/gcc/i486-pc-linux-gnu/4.7.2/../../../../i486-pc-linux-gnu/lib -L/usr/local/lib/gcc/i486-pc-linux-gnu/4.7.2/../../.. CMakeFiles/cmTryCompileExec353787899.dir/CMakeCXXCompilerABI.cpp.o -lstdc++ -lm -lgcc_s -lgcc -lc -lgcc_s -lgcc /usr/local/lib/gcc/i486-pc-linux-gnu/4.7.2/crtend.o /usr/lib/crtn.o]
    arg [/usr/local/lib/gcc/i486-pc-linux-gnu/4.7.2/collect2] ==> ignore
    arg [--eh-frame-hdr] ==> ignore
    arg [-m] ==> ignore
    arg [elf_i386] ==> ignore
    arg [-export-dynamic] ==> ignore
    arg [-dynamic-linker] ==> ignore
    arg [/lib/ld-linux.so.2] ==> ignore
    arg [-o] ==> ignore
    arg [cmTryCompileExec353787899] ==> ignore
    arg [/usr/lib/crt1.o] ==> ignore
    arg [/usr/lib/crti.o] ==> ignore
    arg [/usr/local/lib/gcc/i486-pc-linux-gnu/4.7.2/crtbegin.o] ==> ignore
    arg [-L/usr/local/lib/gcc/i486-pc-linux-gnu/4.7.2] ==> dir [/usr/local/lib/gcc/i486-pc-linux-gnu/4.7.2]
    arg [-L/usr/local/lib/gcc/i486-pc-linux-gnu/4.7.2/../../../../i486-pc-linux-gnu/lib] ==> dir [/usr/local/lib/gcc/i486-pc-linux-gnu/4.7.2/../../../../i486-pc-linux-gnu/lib]
    arg [-L/usr/local/lib/gcc/i486-pc-linux-gnu/4.7.2/../../..] ==> dir [/usr/local/lib/gcc/i486-pc-linux-gnu/4.7.2/../../..]
    arg [CMakeFiles/cmTryCompileExec353787899.dir/CMakeCXXCompilerABI.cpp.o] ==> ignore
    arg [-lstdc++] ==> lib [stdc++]
    arg [-lm] ==> lib [m]
    arg [-lgcc_s] ==> lib [gcc_s]
    arg [-lgcc] ==> lib [gcc]
    arg [-lc] ==> lib [c]
    arg [-lgcc_s] ==> lib [gcc_s]
    arg [-lgcc] ==> lib [gcc]
    arg [/usr/local/lib/gcc/i486-pc-linux-gnu/4.7.2/crtend.o] ==> ignore
    arg [/usr/lib/crtn.o] ==> ignore
  remove lib [gcc_s]
  remove lib [gcc]
  remove lib [gcc_s]
  remove lib [gcc]
  collapse library dir [/usr/local/lib/gcc/i486-pc-linux-gnu/4.7.2] ==> [/usr/local/lib/gcc/i486-pc-linux-gnu/4.7.2]
  collapse library dir [/usr/local/lib/gcc/i486-pc-linux-gnu/4.7.2/../../../../i486-pc-linux-gnu/lib] ==> [/usr/local/i486-pc-linux-gnu/lib]
  collapse library dir [/usr/local/lib/gcc/i486-pc-linux-gnu/4.7.2/../../..] ==> [/usr/local/lib]
  implicit libs: [stdc++;m;c]
  implicit dirs: [/usr/local/lib/gcc/i486-pc-linux-gnu/4.7.2;/usr/local/i486-pc-linux-gnu/lib;/usr/local/lib]
  implicit fwks: []


Performing C++ SOURCE FILE Test standard_math_library_linked_to_automatically succeded with the following output:
Change Dir: /home/tc/Downloads/eigen-eigen-1306d75b4a21/build_dir/CMakeFiles/CMakeTmp

Run Build Command:/usr/local/bin/make "cmTryCompileExec2120139979/fast"
/usr/local/bin/make -f CMakeFiles/cmTryCompileExec2120139979.dir/build.make CMakeFiles/cmTryCompileExec2120139979.dir/build
make[1]: Entering directory `/home/tc/Downloads/eigen-eigen-1306d75b4a21/build_dir/CMakeFiles/CMakeTmp'
/tmp/tcloop/cmake/usr/local/bin/cmake -E cmake_progress_report /home/tc/Downloads/eigen-eigen-1306d75b4a21/build_dir/CMakeFiles/CMakeTmp/CMakeFiles 1
Building CXX object CMakeFiles/cmTryCompileExec2120139979.dir/src.cxx.o
/usr/local/bin/c++    -Dstandard_math_library_linked_to_automatically   -o CMakeFiles/cmTryCompileExec2120139979.dir/src.cxx.o -c /home/tc/Downloads/eigen-eigen-1306d75b4a21/build_dir/CMakeFiles/CMakeTmp/src.cxx
Linking CXX executable cmTryCompileExec2120139979
/tmp/tcloop/cmake/usr/local/bin/cmake -E cmake_link_script CMakeFiles/cmTryCompileExec2120139979.dir/link.txt --verbose=1
/usr/local/bin/c++    -Dstandard_math_library_linked_to_automatically    CMakeFiles/cmTryCompileExec2120139979.dir/src.cxx.o  -o cmTryCompileExec2120139979 -rdynamic 
make[1]: Leaving directory `/home/tc/Downloads/eigen-eigen-1306d75b4a21/build_dir/CMakeFiles/CMakeTmp'

Source file was:
#include<cmath>
int main() { std::sin(0.0); std::log(0.0f); }
Performing C++ SOURCE FILE Test COMPILER_SUPPORT_WERROR succeded with the following output:
Change Dir: /home/tc/Downloads/eigen-eigen-1306d75b4a21/build_dir/CMakeFiles/CMakeTmp

Run Build Command:/usr/local/bin/make "cmTryCompileExec374926851/fast"
/usr/local/bin/make -f CMakeFiles/cmTryCompileExec374926851.dir/build.make CMakeFiles/cmTryCompileExec374926851.dir/build
make[1]: Entering directory `/home/tc/Downloads/eigen-eigen-1306d75b4a21/build_dir/CMakeFiles/CMakeTmp'
/tmp/tcloop/cmake/usr/local/bin/cmake -E cmake_progress_report /home/tc/Downloads/eigen-eigen-1306d75b4a21/build_dir/CMakeFiles/CMakeTmp/CMakeFiles 1
Building CXX object CMakeFiles/cmTryCompileExec374926851.dir/src.cxx.o
/usr/local/bin/c++    -fexceptions -DCOMPILER_SUPPORT_WERROR   -Werror -o CMakeFiles/cmTryCompileExec374926851.dir/src.cxx.o -c /home/tc/Downloads/eigen-eigen-1306d75b4a21/build_dir/CMakeFiles/CMakeTmp/src.cxx
Linking CXX executable cmTryCompileExec374926851
/tmp/tcloop/cmake/usr/local/bin/cmake -E cmake_link_script CMakeFiles/cmTryCompileExec374926851.dir/link.txt --verbose=1
/usr/local/bin/c++    -fexceptions -DCOMPILER_SUPPORT_WERROR    CMakeFiles/cmTryCompileExec374926851.dir/src.cxx.o  -o cmTryCompileExec374926851 -rdynamic 
make[1]: Leaving directory `/home/tc/Downloads/eigen-eigen-1306d75b4a21/build_dir/CMakeFiles/CMakeTmp'

Source file was:
int main() { return 0;}
Performing C++ SOURCE FILE Test COMPILER_SUPPORT_pedantic succeded with the following output:
Change Dir: /home/tc/Downloads/eigen-eigen-1306d75b4a21/build_dir/CMakeFiles/CMakeTmp

Run Build Command:/usr/local/bin/make "cmTryCompileExec4020982987/fast"
/usr/local/bin/make -f CMakeFiles/cmTryCompileExec4020982987.dir/build.make CMakeFiles/cmTryCompileExec4020982987.dir/build
make[1]: Entering directory `/home/tc/Downloads/eigen-eigen-1306d75b4a21/build_dir/CMakeFiles/CMakeTmp'
/tmp/tcloop/cmake/usr/local/bin/cmake -E cmake_progress_report /home/tc/Downloads/eigen-eigen-1306d75b4a21/build_dir/CMakeFiles/CMakeTmp/CMakeFiles 1
Building CXX object CMakeFiles/cmTryCompileExec4020982987.dir/src.cxx.o
/usr/local/bin/c++    -fexceptions -DCOMPILER_SUPPORT_pedantic -Werror   -pedantic -o CMakeFiles/cmTryCompileExec4020982987.dir/src.cxx.o -c /home/tc/Downloads/eigen-eigen-1306d75b4a21/build_dir/CMakeFiles/CMakeTmp/src.cxx
Linking CXX executable cmTryCompileExec4020982987
/tmp/tcloop/cmake/usr/local/bin/cmake -E cmake_link_script CMakeFiles/cmTryCompileExec4020982987.dir/link.txt --verbose=1
/usr/local/bin/c++    -fexceptions -DCOMPILER_SUPPORT_pedantic -Werror    CMakeFiles/cmTryCompileExec4020982987.dir/src.cxx.o  -o cmTryCompileExec4020982987 -rdynamic 
make[1]: Leaving directory `/home/tc/Downloads/eigen-eigen-1306d75b4a21/build_dir/CMakeFiles/CMakeTmp'

Source file was:
int main() { return 0;}
Performing C++ SOURCE FILE Test COMPILER_SUPPORT_Wall succeded with the following output:
Change Dir: /home/tc/Downloads/eigen-eigen-1306d75b4a21/build_dir/CMakeFiles/CMakeTmp

Run Build Command:/usr/local/bin/make "cmTryCompileExec794838387/fast"
/usr/local/bin/make -f CMakeFiles/cmTryCompileExec794838387.dir/build.make CMakeFiles/cmTryCompileExec794838387.dir/build
make[1]: Entering directory `/home/tc/Downloads/eigen-eigen-1306d75b4a21/build_dir/CMakeFiles/CMakeTmp'
/tmp/tcloop/cmake/usr/local/bin/cmake -E cmake_progress_report /home/tc/Downloads/eigen-eigen-1306d75b4a21/build_dir/CMakeFiles/CMakeTmp/CMakeFiles 1
Building CXX object CMakeFiles/cmTryCompileExec794838387.dir/src.cxx.o
/usr/local/bin/c++    -fexceptions -pedantic -DCOMPILER_SUPPORT_Wall -Werror   -Wall -o CMakeFiles/cmTryCompileExec794838387.dir/src.cxx.o -c /home/tc/Downloads/eigen-eigen-1306d75b4a21/build_dir/CMakeFiles/CMakeTmp/src.cxx
Linking CXX executable cmTryCompileExec794838387
/tmp/tcloop/cmake/usr/local/bin/cmake -E cmake_link_script CMakeFiles/cmTryCompileExec794838387.dir/link.txt --verbose=1
/usr/local/bin/c++    -fexceptions -pedantic -DCOMPILER_SUPPORT_Wall -Werror    CMakeFiles/cmTryCompileExec794838387.dir/src.cxx.o  -o cmTryCompileExec794838387 -rdynamic 
make[1]: Leaving directory `/home/tc/Downloads/eigen-eigen-1306d75b4a21/build_dir/CMakeFiles/CMakeTmp'

Source file was:
int main() { return 0;}
Performing C++ SOURCE FILE Test COMPILER_SUPPORT_Wextra succeded with the following output:
Change Dir: /home/tc/Downloads/eigen-eigen-1306d75b4a21/build_dir/CMakeFiles/CMakeTmp

Run Build Command:/usr/local/bin/make "cmTryCompileExec453013099/fast"
/usr/local/bin/make -f CMakeFiles/cmTryCompileExec453013099.dir/build.make CMakeFiles/cmTryCompileExec453013099.dir/build
make[1]: Entering directory `/home/tc/Downloads/eigen-eigen-1306d75b4a21/build_dir/CMakeFiles/CMakeTmp'
/tmp/tcloop/cmake/usr/local/bin/cmake -E cmake_progress_report /home/tc/Downloads/eigen-eigen-1306d75b4a21/build_dir/CMakeFiles/CMakeTmp/CMakeFiles 1
Building CXX object CMakeFiles/cmTryCompileExec453013099.dir/src.cxx.o
/usr/local/bin/c++    -fexceptions -pedantic -Wall -DCOMPILER_SUPPORT_Wextra -Werror   -Wextra -o CMakeFiles/cmTryCompileExec453013099.dir/src.cxx.o -c /home/tc/Downloads/eigen-eigen-1306d75b4a21/build_dir/CMakeFiles/CMakeTmp/src.cxx
Linking CXX executable cmTryCompileExec453013099
/tmp/tcloop/cmake/usr/local/bin/cmake -E cmake_link_script CMakeFiles/cmTryCompileExec453013099.dir/link.txt --verbose=1
/usr/local/bin/c++    -fexceptions -pedantic -Wall -DCOMPILER_SUPPORT_Wextra -Werror    CMakeFiles/cmTryCompileExec453013099.dir/src.cxx.o  -o cmTryCompileExec453013099 -rdynamic 
make[1]: Leaving directory `/home/tc/Downloads/eigen-eigen-1306d75b4a21/build_dir/CMakeFiles/CMakeTmp'

Source file was:
int main() { return 0;}
Performing C++ SOURCE FILE Test COMPILER_SUPPORT_Wundef succeded with the following output:
Change Dir: /home/tc/Downloads/eigen-eigen-1306d75b4a21/build_dir/CMakeFiles/CMakeTmp

Run Build Command:/usr/local/bin/make "cmTryCompileExec91837936/fast"
/usr/local/bin/make -f CMakeFiles/cmTryCompileExec91837936.dir/build.make CMakeFiles/cmTryCompileExec91837936.dir/build
make[1]: Entering directory `/home/tc/Downloads/eigen-eigen-1306d75b4a21/build_dir/CMakeFiles/CMakeTmp'
/tmp/tcloop/cmake/usr/local/bin/cmake -E cmake_progress_report /home/tc/Downloads/eigen-eigen-1306d75b4a21/build_dir/CMakeFiles/CMakeTmp/CMakeFiles 1
Building CXX object CMakeFiles/cmTryCompileExec91837936.dir/src.cxx.o
/usr/local/bin/c++    -fexceptions -pedantic -Wall -Wextra -DCOMPILER_SUPPORT_Wundef -Werror   -Wundef -o CMakeFiles/cmTryCompileExec91837936.dir/src.cxx.o -c /home/tc/Downloads/eigen-eigen-1306d75b4a21/build_dir/CMakeFiles/CMakeTmp/src.cxx
Linking CXX executable cmTryCompileExec91837936
/tmp/tcloop/cmake/usr/local/bin/cmake -E cmake_link_script CMakeFiles/cmTryCompileExec91837936.dir/link.txt --verbose=1
/usr/local/bin/c++    -fexceptions -pedantic -Wall -Wextra -DCOMPILER_SUPPORT_Wundef -Werror    CMakeFiles/cmTryCompileExec91837936.dir/src.cxx.o  -o cmTryCompileExec91837936 -rdynamic 
make[1]: Leaving directory `/home/tc/Downloads/eigen-eigen-1306d75b4a21/build_dir/CMakeFiles/CMakeTmp'

Source file was:
int main() { return 0;}
Performing C++ SOURCE FILE Test COMPILER_SUPPORT_Wcastalign succeded with the following output:
Change Dir: /home/tc/Downloads/eigen-eigen-1306d75b4a21/build_dir/CMakeFiles/CMakeTmp

Run Build Command:/usr/local/bin/make "cmTryCompileExec640211146/fast"
/usr/local/bin/make -f CMakeFiles/cmTryCompileExec640211146.dir/build.make CMakeFiles/cmTryCompileExec640211146.dir/build
make[1]: Entering directory `/home/tc/Downloads/eigen-eigen-1306d75b4a21/build_dir/CMakeFiles/CMakeTmp'
/tmp/tcloop/cmake/usr/local/bin/cmake -E cmake_progress_report /home/tc/Downloads/eigen-eigen-1306d75b4a21/build_dir/CMakeFiles/CMakeTmp/CMakeFiles 1
Building CXX object CMakeFiles/cmTryCompileExec640211146.dir/src.cxx.o
/usr/local/bin/c++    -fexceptions -pedantic -Wall -Wextra -Wundef -DCOMPILER_SUPPORT_Wcastalign -Werror   -Wcast-align -o CMakeFiles/cmTryCompileExec640211146.dir/src.cxx.o -c /home/tc/Downloads/eigen-eigen-1306d75b4a21/build_dir/CMakeFiles/CMakeTmp/src.cxx
Linking CXX executable cmTryCompileExec640211146
/tmp/tcloop/cmake/usr/local/bin/cmake -E cmake_link_script CMakeFiles/cmTryCompileExec640211146.dir/link.txt --verbose=1
/usr/local/bin/c++    -fexceptions -pedantic -Wall -Wextra -Wundef -DCOMPILER_SUPPORT_Wcastalign -Werror    CMakeFiles/cmTryCompileExec640211146.dir/src.cxx.o  -o cmTryCompileExec640211146 -rdynamic 
make[1]: Leaving directory `/home/tc/Downloads/eigen-eigen-1306d75b4a21/build_dir/CMakeFiles/CMakeTmp'

Source file was:
int main() { return 0;}
Performing C++ SOURCE FILE Test COMPILER_SUPPORT_Wcharsubscripts succeded with the following output:
Change Dir: /home/tc/Downloads/eigen-eigen-1306d75b4a21/build_dir/CMakeFiles/CMakeTmp

Run Build Command:/usr/local/bin/make "cmTryCompileExec1239544283/fast"
/usr/local/bin/make -f CMakeFiles/cmTryCompileExec1239544283.dir/build.make CMakeFiles/cmTryCompileExec1239544283.dir/build
make[1]: Entering directory `/home/tc/Downloads/eigen-eigen-1306d75b4a21/build_dir/CMakeFiles/CMakeTmp'
/tmp/tcloop/cmake/usr/local/bin/cmake -E cmake_progress_report /home/tc/Downloads/eigen-eigen-1306d75b4a21/build_dir/CMakeFiles/CMakeTmp/CMakeFiles 1
Building CXX object CMakeFiles/cmTryCompileExec1239544283.dir/src.cxx.o
/usr/local/bin/c++    -fexceptions -pedantic -Wall -Wextra -Wundef -Wcast-align -DCOMPILER_SUPPORT_Wcharsubscripts -Werror   -Wchar-subscripts -o CMakeFiles/cmTryCompileExec1239544283.dir/src.cxx.o -c /home/tc/Downloads/eigen-eigen-1306d75b4a21/build_dir/CMakeFiles/CMakeTmp/src.cxx
Linking CXX executable cmTryCompileExec1239544283
/tmp/tcloop/cmake/usr/local/bin/cmake -E cmake_link_script CMakeFiles/cmTryCompileExec1239544283.dir/link.txt --verbose=1
/usr/local/bin/c++    -fexceptions -pedantic -Wall -Wextra -Wundef -Wcast-align -DCOMPILER_SUPPORT_Wcharsubscripts -Werror    CMakeFiles/cmTryCompileExec1239544283.dir/src.cxx.o  -o cmTryCompileExec1239544283 -rdynamic 
make[1]: Leaving directory `/home/tc/Downloads/eigen-eigen-1306d75b4a21/build_dir/CMakeFiles/CMakeTmp'

Source file was:
int main() { return 0;}
Performing C++ SOURCE FILE Test COMPILER_SUPPORT_Wnonvirtualdtor succeded with the following output:
Change Dir: /home/tc/Downloads/eigen-eigen-1306d75b4a21/build_dir/CMakeFiles/CMakeTmp

Run Build Command:/usr/local/bin/make "cmTryCompileExec317517903/fast"
/usr/local/bin/make -f CMakeFiles/cmTryCompileExec317517903.dir/build.make CMakeFiles/cmTryCompileExec317517903.dir/build
make[1]: Entering directory `/home/tc/Downloads/eigen-eigen-1306d75b4a21/build_dir/CMakeFiles/CMakeTmp'
/tmp/tcloop/cmake/usr/local/bin/cmake -E cmake_progress_report /home/tc/Downloads/eigen-eigen-1306d75b4a21/build_dir/CMakeFiles/CMakeTmp/CMakeFiles 1
Building CXX object CMakeFiles/cmTryCompileExec317517903.dir/src.cxx.o
/usr/local/bin/c++    -fexceptions -pedantic -Wall -Wextra -Wundef -Wcast-align -Wchar-subscripts -DCOMPILER_SUPPORT_Wnonvirtualdtor -Werror   -Wnon-virtual-dtor -o CMakeFiles/cmTryCompileExec317517903.dir/src.cxx.o -c /home/tc/Downloads/eigen-eigen-1306d75b4a21/build_dir/CMakeFiles/CMakeTmp/src.cxx
Linking CXX executable cmTryCompileExec317517903
/tmp/tcloop/cmake/usr/local/bin/cmake -E cmake_link_script CMakeFiles/cmTryCompileExec317517903.dir/link.txt --verbose=1
/usr/local/bin/c++    -fexceptions -pedantic -Wall -Wextra -Wundef -Wcast-align -Wchar-subscripts -DCOMPILER_SUPPORT_Wnonvirtualdtor -Werror    CMakeFiles/cmTryCompileExec317517903.dir/src.cxx.o  -o cmTryCompileExec317517903 -rdynamic 
make[1]: Leaving directory `/home/tc/Downloads/eigen-eigen-1306d75b4a21/build_dir/CMakeFiles/CMakeTmp'

Source file was:
int main() { return 0;}
Performing C++ SOURCE FILE Test COMPILER_SUPPORT_Wunusedlocaltypedefs succeded with the following output:
Change Dir: /home/tc/Downloads/eigen-eigen-1306d75b4a21/build_dir/CMakeFiles/CMakeTmp

Run Build Command:/usr/local/bin/make "cmTryCompileExec2589118096/fast"
/usr/local/bin/make -f CMakeFiles/cmTryCompileExec2589118096.dir/build.make CMakeFiles/cmTryCompileExec2589118096.dir/build
make[1]: Entering directory `/home/tc/Downloads/eigen-eigen-1306d75b4a21/build_dir/CMakeFiles/CMakeTmp'
/tmp/tcloop/cmake/usr/local/bin/cmake -E cmake_progress_report /home/tc/Downloads/eigen-eigen-1306d75b4a21/build_dir/CMakeFiles/CMakeTmp/CMakeFiles 1
Building CXX object CMakeFiles/cmTryCompileExec2589118096.dir/src.cxx.o
/usr/local/bin/c++    -fexceptions -pedantic -Wall -Wextra -Wundef -Wcast-align -Wchar-subscripts -Wnon-virtual-dtor -DCOMPILER_SUPPORT_Wunusedlocaltypedefs -Werror   -Wunused-local-typedefs -o CMakeFiles/cmTryCompileExec2589118096.dir/src.cxx.o -c /home/tc/Downloads/eigen-eigen-1306d75b4a21/build_dir/CMakeFiles/CMakeTmp/src.cxx
Linking CXX executable cmTryCompileExec2589118096
/tmp/tcloop/cmake/usr/local/bin/cmake -E cmake_link_script CMakeFiles/cmTryCompileExec2589118096.dir/link.txt --verbose=1
/usr/local/bin/c++    -fexceptions -pedantic -Wall -Wextra -Wundef -Wcast-align -Wchar-subscripts -Wnon-virtual-dtor -DCOMPILER_SUPPORT_Wunusedlocaltypedefs -Werror    CMakeFiles/cmTryCompileExec2589118096.dir/src.cxx.o  -o cmTryCompileExec2589118096 -rdynamic 
make[1]: Leaving directory `/home/tc/Downloads/eigen-eigen-1306d75b4a21/build_dir/CMakeFiles/CMakeTmp'

Source file was:
int main() { return 0;}
Performing C++ SOURCE FILE Test COMPILER_SUPPORT_Wpointerarith succeded with the following output:
Change Dir: /home/tc/Downloads/eigen-eigen-1306d75b4a21/build_dir/CMakeFiles/CMakeTmp

Run Build Command:/usr/local/bin/make "cmTryCompileExec2381297592/fast"
/usr/local/bin/make -f CMakeFiles/cmTryCompileExec2381297592.dir/build.make CMakeFiles/cmTryCompileExec2381297592.dir/build
make[1]: Entering directory `/home/tc/Downloads/eigen-eigen-1306d75b4a21/build_dir/CMakeFiles/CMakeTmp'
/tmp/tcloop/cmake/usr/local/bin/cmake -E cmake_progress_report /home/tc/Downloads/eigen-eigen-1306d75b4a21/build_dir/CMakeFiles/CMakeTmp/CMakeFiles 1
Building CXX object CMakeFiles/cmTryCompileExec2381297592.dir/src.cxx.o
/usr/local/bin/c++    -fexceptions -pedantic -Wall -Wextra -Wundef -Wcast-align -Wchar-subscripts -Wnon-virtual-dtor -Wunused-local-typedefs -DCOMPILER_SUPPORT_Wpointerarith -Werror   -Wpointer-arith -o CMakeFiles/cmTryCompileExec2381297592.dir/src.cxx.o -c /home/tc/Downloads/eigen-eigen-1306d75b4a21/build_dir/CMakeFiles/CMakeTmp/src.cxx
Linking CXX executable cmTryCompileExec2381297592
/tmp/tcloop/cmake/usr/local/bin/cmake -E cmake_link_script CMakeFiles/cmTryCompileExec2381297592.dir/link.txt --verbose=1
/usr/local/bin/c++    -fexceptions -pedantic -Wall -Wextra -Wundef -Wcast-align -Wchar-subscripts -Wnon-virtual-dtor -Wunused-local-typedefs -DCOMPILER_SUPPORT_Wpointerarith -Werror    CMakeFiles/cmTryCompileExec2381297592.dir/src.cxx.o  -o cmTryCompileExec2381297592 -rdynamic 
make[1]: Leaving directory `/home/tc/Downloads/eigen-eigen-1306d75b4a21/build_dir/CMakeFiles/CMakeTmp'

Source file was:
int main() { return 0;}
Performing C++ SOURCE FILE Test COMPILER_SUPPORT_Wwritestrings succeded with the following output:
Change Dir: /home/tc/Downloads/eigen-eigen-1306d75b4a21/build_dir/CMakeFiles/CMakeTmp

Run Build Command:/usr/local/bin/make "cmTryCompileExec4208578624/fast"
/usr/local/bin/make -f CMakeFiles/cmTryCompileExec4208578624.dir/build.make CMakeFiles/cmTryCompileExec4208578624.dir/build
make[1]: Entering directory `/home/tc/Downloads/eigen-eigen-1306d75b4a21/build_dir/CMakeFiles/CMakeTmp'
/tmp/tcloop/cmake/usr/local/bin/cmake -E cmake_progress_report /home/tc/Downloads/eigen-eigen-1306d75b4a21/build_dir/CMakeFiles/CMakeTmp/CMakeFiles 1
Building CXX object CMakeFiles/cmTryCompileExec4208578624.dir/src.cxx.o
/usr/local/bin/c++    -fexceptions -pedantic -Wall -Wextra -Wundef -Wcast-align -Wchar-subscripts -Wnon-virtual-dtor -Wunused-local-typedefs -Wpointer-arith -DCOMPILER_SUPPORT_Wwritestrings -Werror   -Wwrite-strings -o CMakeFiles/cmTryCompileExec4208578624.dir/src.cxx.o -c /home/tc/Downloads/eigen-eigen-1306d75b4a21/build_dir/CMakeFiles/CMakeTmp/src.cxx
Linking CXX executable cmTryCompileExec4208578624
/tmp/tcloop/cmake/usr/local/bin/cmake -E cmake_link_script CMakeFiles/cmTryCompileExec4208578624.dir/link.txt --verbose=1
/usr/local/bin/c++    -fexceptions -pedantic -Wall -Wextra -Wundef -Wcast-align -Wchar-subscripts -Wnon-virtual-dtor -Wunused-local-typedefs -Wpointer-arith -DCOMPILER_SUPPORT_Wwritestrings -Werror    CMakeFiles/cmTryCompileExec4208578624.dir/src.cxx.o  -o cmTryCompileExec4208578624 -rdynamic 
make[1]: Leaving directory `/home/tc/Downloads/eigen-eigen-1306d75b4a21/build_dir/CMakeFiles/CMakeTmp'

Source file was:
int main() { return 0;}
Performing C++ SOURCE FILE Test COMPILER_SUPPORT_Wformatsecurity succeded with the following output:
Change Dir: /home/tc/Downloads/eigen-eigen-1306d75b4a21/build_dir/CMakeFiles/CMakeTmp

Run Build Command:/usr/local/bin/make "cmTryCompileExec4260143427/fast"
/usr/local/bin/make -f CMakeFiles/cmTryCompileExec4260143427.dir/build.make CMakeFiles/cmTryCompileExec4260143427.dir/build
make[1]: Entering directory `/home/tc/Downloads/eigen-eigen-1306d75b4a21/build_dir/CMakeFiles/CMakeTmp'
/tmp/tcloop/cmake/usr/local/bin/cmake -E cmake_progress_report /home/tc/Downloads/eigen-eigen-1306d75b4a21/build_dir/CMakeFiles/CMakeTmp/CMakeFiles 1
Building CXX object CMakeFiles/cmTryCompileExec4260143427.dir/src.cxx.o
/usr/local/bin/c++    -fexceptions -pedantic -Wall -Wextra -Wundef -Wcast-align -Wchar-subscripts -Wnon-virtual-dtor -Wunused-local-typedefs -Wpointer-arith -Wwrite-strings -DCOMPILER_SUPPORT_Wformatsecurity -Werror   -Wformat-security -o CMakeFiles/cmTryCompileExec4260143427.dir/src.cxx.o -c /home/tc/Downloads/eigen-eigen-1306d75b4a21/build_dir/CMakeFiles/CMakeTmp/src.cxx
Linking CXX executable cmTryCompileExec4260143427
/tmp/tcloop/cmake/usr/local/bin/cmake -E cmake_link_script CMakeFiles/cmTryCompileExec4260143427.dir/link.txt --verbose=1
/usr/local/bin/c++    -fexceptions -pedantic -Wall -Wextra -Wundef -Wcast-align -Wchar-subscripts -Wnon-virtual-dtor -Wunused-local-typedefs -Wpointer-arith -Wwrite-strings -DCOMPILER_SUPPORT_Wformatsecurity -Werror    CMakeFiles/cmTryCompileExec4260143427.dir/src.cxx.o  -o cmTryCompileExec4260143427 -rdynamic 
make[1]: Leaving directory `/home/tc/Downloads/eigen-eigen-1306d75b4a21/build_dir/CMakeFiles/CMakeTmp'

Source file was:
int main() { return 0;}
Performing C++ SOURCE FILE Test COMPILER_SUPPORT_Wnopsabi succeded with the following output:
Change Dir: /home/tc/Downloads/eigen-eigen-1306d75b4a21/build_dir/CMakeFiles/CMakeTmp

Run Build Command:/usr/local/bin/make "cmTryCompileExec3699758024/fast"
/usr/local/bin/make -f CMakeFiles/cmTryCompileExec3699758024.dir/build.make CMakeFiles/cmTryCompileExec3699758024.dir/build
make[1]: Entering directory `/home/tc/Downloads/eigen-eigen-1306d75b4a21/build_dir/CMakeFiles/CMakeTmp'
/tmp/tcloop/cmake/usr/local/bin/cmake -E cmake_progress_report /home/tc/Downloads/eigen-eigen-1306d75b4a21/build_dir/CMakeFiles/CMakeTmp/CMakeFiles 1
Building CXX object CMakeFiles/cmTryCompileExec3699758024.dir/src.cxx.o
/usr/local/bin/c++    -fexceptions -pedantic -Wall -Wextra -Wundef -Wcast-align -Wchar-subscripts -Wnon-virtual-dtor -Wunused-local-typedefs -Wpointer-arith -Wwrite-strings -Wformat-security -DCOMPILER_SUPPORT_Wnopsabi -Werror   -Wno-psabi -o CMakeFiles/cmTryCompileExec3699758024.dir/src.cxx.o -c /home/tc/Downloads/eigen-eigen-1306d75b4a21/build_dir/CMakeFiles/CMakeTmp/src.cxx
Linking CXX executable cmTryCompileExec3699758024
/tmp/tcloop/cmake/usr/local/bin/cmake -E cmake_link_script CMakeFiles/cmTryCompileExec3699758024.dir/link.txt --verbose=1
/usr/local/bin/c++    -fexceptions -pedantic -Wall -Wextra -Wundef -Wcast-align -Wchar-subscripts -Wnon-virtual-dtor -Wunused-local-typedefs -Wpointer-arith -Wwrite-strings -Wformat-security -DCOMPILER_SUPPORT_Wnopsabi -Werror    CMakeFiles/cmTryCompileExec3699758024.dir/src.cxx.o  -o cmTryCompileExec3699758024 -rdynamic 
make[1]: Leaving directory `/home/tc/Downloads/eigen-eigen-1306d75b4a21/build_dir/CMakeFiles/CMakeTmp'

Source file was:
int main() { return 0;}
Performing C++ SOURCE FILE Test COMPILER_SUPPORT_Wnovariadicmacros succeded with the following output:
Change Dir: /home/tc/Downloads/eigen-eigen-1306d75b4a21/build_dir/CMakeFiles/CMakeTmp

Run Build Command:/usr/local/bin/make "cmTryCompileExec2962929384/fast"
/usr/local/bin/make -f CMakeFiles/cmTryCompileExec2962929384.dir/build.make CMakeFiles/cmTryCompileExec2962929384.dir/build
make[1]: Entering directory `/home/tc/Downloads/eigen-eigen-1306d75b4a21/build_dir/CMakeFiles/CMakeTmp'
/tmp/tcloop/cmake/usr/local/bin/cmake -E cmake_progress_report /home/tc/Downloads/eigen-eigen-1306d75b4a21/build_dir/CMakeFiles/CMakeTmp/CMakeFiles 1
Building CXX object CMakeFiles/cmTryCompileExec2962929384.dir/src.cxx.o
/usr/local/bin/c++    -fexceptions -pedantic -Wall -Wextra -Wundef -Wcast-align -Wchar-subscripts -Wnon-virtual-dtor -Wunused-local-typedefs -Wpointer-arith -Wwrite-strings -Wformat-security -Wno-psabi -DCOMPILER_SUPPORT_Wnovariadicmacros -Werror   -Wno-variadic-macros -o CMakeFiles/cmTryCompileExec2962929384.dir/src.cxx.o -c /home/tc/Downloads/eigen-eigen-1306d75b4a21/build_dir/CMakeFiles/CMakeTmp/src.cxx
Linking CXX executable cmTryCompileExec2962929384
/tmp/tcloop/cmake/usr/local/bin/cmake -E cmake_link_script CMakeFiles/cmTryCompileExec2962929384.dir/link.txt --verbose=1
/usr/local/bin/c++    -fexceptions -pedantic -Wall -Wextra -Wundef -Wcast-align -Wchar-subscripts -Wnon-virtual-dtor -Wunused-local-typedefs -Wpointer-arith -Wwrite-strings -Wformat-security -Wno-psabi -DCOMPILER_SUPPORT_Wnovariadicmacros -Werror    CMakeFiles/cmTryCompileExec2962929384.dir/src.cxx.o  -o cmTryCompileExec2962929384 -rdynamic 
make[1]: Leaving directory `/home/tc/Downloads/eigen-eigen-1306d75b4a21/build_dir/CMakeFiles/CMakeTmp'

Source file was:
int main() { return 0;}
Performing C++ SOURCE FILE Test COMPILER_SUPPORT_Wnolonglong succeded with the following output:
Change Dir: /home/tc/Downloads/eigen-eigen-1306d75b4a21/build_dir/CMakeFiles/CMakeTmp

Run Build Command:/usr/local/bin/make "cmTryCompileExec3754687562/fast"
/usr/local/bin/make -f CMakeFiles/cmTryCompileExec3754687562.dir/build.make CMakeFiles/cmTryCompileExec3754687562.dir/build
make[1]: Entering directory `/home/tc/Downloads/eigen-eigen-1306d75b4a21/build_dir/CMakeFiles/CMakeTmp'
/tmp/tcloop/cmake/usr/local/bin/cmake -E cmake_progress_report /home/tc/Downloads/eigen-eigen-1306d75b4a21/build_dir/CMakeFiles/CMakeTmp/CMakeFiles 1
Building CXX object CMakeFiles/cmTryCompileExec3754687562.dir/src.cxx.o
/usr/local/bin/c++    -fexceptions -pedantic -Wall -Wextra -Wundef -Wcast-align -Wchar-subscripts -Wnon-virtual-dtor -Wunused-local-typedefs -Wpointer-arith -Wwrite-strings -Wformat-security -Wno-psabi -Wno-variadic-macros -DCOMPILER_SUPPORT_Wnolonglong -Werror   -Wno-long-long -o CMakeFiles/cmTryCompileExec3754687562.dir/src.cxx.o -c /home/tc/Downloads/eigen-eigen-1306d75b4a21/build_dir/CMakeFiles/CMakeTmp/src.cxx
Linking CXX executable cmTryCompileExec3754687562
/tmp/tcloop/cmake/usr/local/bin/cmake -E cmake_link_script CMakeFiles/cmTryCompileExec3754687562.dir/link.txt --verbose=1
/usr/local/bin/c++    -fexceptions -pedantic -Wall -Wextra -Wundef -Wcast-align -Wchar-subscripts -Wnon-virtual-dtor -Wunused-local-typedefs -Wpointer-arith -Wwrite-strings -Wformat-security -Wno-psabi -Wno-variadic-macros -DCOMPILER_SUPPORT_Wnolonglong -Werror    CMakeFiles/cmTryCompileExec3754687562.dir/src.cxx.o  -o cmTryCompileExec3754687562 -rdynamic 
make[1]: Leaving directory `/home/tc/Downloads/eigen-eigen-1306d75b4a21/build_dir/CMakeFiles/CMakeTmp'

Source file was:
int main() { return 0;}
Performing C++ SOURCE FILE Test COMPILER_SUPPORT_fnochecknew succeded with the following output:
Change Dir: /home/tc/Downloads/eigen-eigen-1306d75b4a21/build_dir/CMakeFiles/CMakeTmp

Run Build Command:/usr/local/bin/make "cmTryCompileExec3778763363/fast"
/usr/local/bin/make -f CMakeFiles/cmTryCompileExec3778763363.dir/build.make CMakeFiles/cmTryCompileExec3778763363.dir/build
make[1]: Entering directory `/home/tc/Downloads/eigen-eigen-1306d75b4a21/build_dir/CMakeFiles/CMakeTmp'
/tmp/tcloop/cmake/usr/local/bin/cmake -E cmake_progress_report /home/tc/Downloads/eigen-eigen-1306d75b4a21/build_dir/CMakeFiles/CMakeTmp/CMakeFiles 1
Building CXX object CMakeFiles/cmTryCompileExec3778763363.dir/src.cxx.o
/usr/local/bin/c++    -fexceptions -pedantic -Wall -Wextra -Wundef -Wcast-align -Wchar-subscripts -Wnon-virtual-dtor -Wunused-local-typedefs -Wpointer-arith -Wwrite-strings -Wformat-security -Wno-psabi -Wno-variadic-macros -Wno-long-long -DCOMPILER_SUPPORT_fnochecknew -Werror   -fno-check-new -o CMakeFiles/cmTryCompileExec3778763363.dir/src.cxx.o -c /home/tc/Downloads/eigen-eigen-1306d75b4a21/build_dir/CMakeFiles/CMakeTmp/src.cxx
Linking CXX executable cmTryCompileExec3778763363
/tmp/tcloop/cmake/usr/local/bin/cmake -E cmake_link_script CMakeFiles/cmTryCompileExec3778763363.dir/link.txt --verbose=1
/usr/local/bin/c++    -fexceptions -pedantic -Wall -Wextra -Wundef -Wcast-align -Wchar-subscripts -Wnon-virtual-dtor -Wunused-local-typedefs -Wpointer-arith -Wwrite-strings -Wformat-security -Wno-psabi -Wno-variadic-macros -Wno-long-long -DCOMPILER_SUPPORT_fnochecknew -Werror    CMakeFiles/cmTryCompileExec3778763363.dir/src.cxx.o  -o cmTryCompileExec3778763363 -rdynamic 
make[1]: Leaving directory `/home/tc/Downloads/eigen-eigen-1306d75b4a21/build_dir/CMakeFiles/CMakeTmp'

Source file was:
int main() { return 0;}
Performing C++ SOURCE FILE Test COMPILER_SUPPORT_fnocommon succeded with the following output:
Change Dir: /home/tc/Downloads/eigen-eigen-1306d75b4a21/build_dir/CMakeFiles/CMakeTmp

Run Build Command:/usr/local/bin/make "cmTryCompileExec680568755/fast"
/usr/local/bin/make -f CMakeFiles/cmTryCompileExec680568755.dir/build.make CMakeFiles/cmTryCompileExec680568755.dir/build
make[1]: Entering directory `/home/tc/Downloads/eigen-eigen-1306d75b4a21/build_dir/CMakeFiles/CMakeTmp'
/tmp/tcloop/cmake/usr/local/bin/cmake -E cmake_progress_report /home/tc/Downloads/eigen-eigen-1306d75b4a21/build_dir/CMakeFiles/CMakeTmp/CMakeFiles 1
Building CXX object CMakeFiles/cmTryCompileExec680568755.dir/src.cxx.o
/usr/local/bin/c++    -fexceptions -pedantic -Wall -Wextra -Wundef -Wcast-align -Wchar-subscripts -Wnon-virtual-dtor -Wunused-local-typedefs -Wpointer-arith -Wwrite-strings -Wformat-security -Wno-psabi -Wno-variadic-macros -Wno-long-long -fno-check-new -DCOMPILER_SUPPORT_fnocommon -Werror   -fno-common -o CMakeFiles/cmTryCompileExec680568755.dir/src.cxx.o -c /home/tc/Downloads/eigen-eigen-1306d75b4a21/build_dir/CMakeFiles/CMakeTmp/src.cxx
Linking CXX executable cmTryCompileExec680568755
/tmp/tcloop/cmake/usr/local/bin/cmake -E cmake_link_script CMakeFiles/cmTryCompileExec680568755.dir/link.txt --verbose=1
/usr/local/bin/c++    -fexceptions -pedantic -Wall -Wextra -Wundef -Wcast-align -Wchar-subscripts -Wnon-virtual-dtor -Wunused-local-typedefs -Wpointer-arith -Wwrite-strings -Wformat-security -Wno-psabi -Wno-variadic-macros -Wno-long-long -fno-check-new -DCOMPILER_SUPPORT_fnocommon -Werror    CMakeFiles/cmTryCompileExec680568755.dir/src.cxx.o  -o cmTryCompileExec680568755 -rdynamic 
make[1]: Leaving directory `/home/tc/Downloads/eigen-eigen-1306d75b4a21/build_dir/CMakeFiles/CMakeTmp'

Source file was:
int main() { return 0;}
Performing C++ SOURCE FILE Test COMPILER_SUPPORT_fstrictaliasing succeded with the following output:
Change Dir: /home/tc/Downloads/eigen-eigen-1306d75b4a21/build_dir/CMakeFiles/CMakeTmp

Run Build Command:/usr/local/bin/make "cmTryCompileExec4263405508/fast"
/usr/local/bin/make -f CMakeFiles/cmTryCompileExec4263405508.dir/build.make CMakeFiles/cmTryCompileExec4263405508.dir/build
make[1]: Entering directory `/home/tc/Downloads/eigen-eigen-1306d75b4a21/build_dir/CMakeFiles/CMakeTmp'
/tmp/tcloop/cmake/usr/local/bin/cmake -E cmake_progress_report /home/tc/Downloads/eigen-eigen-1306d75b4a21/build_dir/CMakeFiles/CMakeTmp/CMakeFiles 1
Building CXX object CMakeFiles/cmTryCompileExec4263405508.dir/src.cxx.o
/usr/local/bin/c++    -fexceptions -pedantic -Wall -Wextra -Wundef -Wcast-align -Wchar-subscripts -Wnon-virtual-dtor -Wunused-local-typedefs -Wpointer-arith -Wwrite-strings -Wformat-security -Wno-psabi -Wno-variadic-macros -Wno-long-long -fno-check-new -fno-common -DCOMPILER_SUPPORT_fstrictaliasing -Werror   -fstrict-aliasing -o CMakeFiles/cmTryCompileExec4263405508.dir/src.cxx.o -c /home/tc/Downloads/eigen-eigen-1306d75b4a21/build_dir/CMakeFiles/CMakeTmp/src.cxx
Linking CXX executable cmTryCompileExec4263405508
/tmp/tcloop/cmake/usr/local/bin/cmake -E cmake_link_script CMakeFiles/cmTryCompileExec4263405508.dir/link.txt --verbose=1
/usr/local/bin/c++    -fexceptions -pedantic -Wall -Wextra -Wundef -Wcast-align -Wchar-subscripts -Wnon-virtual-dtor -Wunused-local-typedefs -Wpointer-arith -Wwrite-strings -Wformat-security -Wno-psabi -Wno-variadic-macros -Wno-long-long -fno-check-new -fno-common -DCOMPILER_SUPPORT_fstrictaliasing -Werror    CMakeFiles/cmTryCompileExec4263405508.dir/src.cxx.o  -o cmTryCompileExec4263405508 -rdynamic 
make[1]: Leaving directory `/home/tc/Downloads/eigen-eigen-1306d75b4a21/build_dir/CMakeFiles/CMakeTmp'

Source file was:
int main() { return 0;}
Performing C++ SOURCE FILE Test COMPILER_SUPPORT_ansi succeded with the following output:
Change Dir: /home/tc/Downloads/eigen-eigen-1306d75b4a21/build_dir/CMakeFiles/CMakeTmp

Run Build Command:/usr/local/bin/make "cmTryCompileExec3670285417/fast"
/usr/local/bin/make -f CMakeFiles/cmTryCompileExec3670285417.dir/build.make CMakeFiles/cmTryCompileExec3670285417.dir/build
make[1]: Entering directory `/home/tc/Downloads/eigen-eigen-1306d75b4a21/build_dir/CMakeFiles/CMakeTmp'
/tmp/tcloop/cmake/usr/local/bin/cmake -E cmake_progress_report /home/tc/Downloads/eigen-eigen-1306d75b4a21/build_dir/CMakeFiles/CMakeTmp/CMakeFiles 1
Building CXX object CMakeFiles/cmTryCompileExec3670285417.dir/src.cxx.o
/usr/local/bin/c++    -fexceptions -pedantic -Wall -Wextra -Wundef -Wcast-align -Wchar-subscripts -Wnon-virtual-dtor -Wunused-local-typedefs -Wpointer-arith -Wwrite-strings -Wformat-security -Wno-psabi -Wno-variadic-macros -Wno-long-long -fno-check-new -fno-common -fstrict-aliasing -DCOMPILER_SUPPORT_ansi -Werror   -ansi -o CMakeFiles/cmTryCompileExec3670285417.dir/src.cxx.o -c /home/tc/Downloads/eigen-eigen-1306d75b4a21/build_dir/CMakeFiles/CMakeTmp/src.cxx
Linking CXX executable cmTryCompileExec3670285417
/tmp/tcloop/cmake/usr/local/bin/cmake -E cmake_link_script CMakeFiles/cmTryCompileExec3670285417.dir/link.txt --verbose=1
/usr/local/bin/c++    -fexceptions -pedantic -Wall -Wextra -Wundef -Wcast-align -Wchar-subscripts -Wnon-virtual-dtor -Wunused-local-typedefs -Wpointer-arith -Wwrite-strings -Wformat-security -Wno-psabi -Wno-variadic-macros -Wno-long-long -fno-check-new -fno-common -fstrict-aliasing -DCOMPILER_SUPPORT_ansi -Werror    CMakeFiles/cmTryCompileExec3670285417.dir/src.cxx.o  -o cmTryCompileExec3670285417 -rdynamic 
make[1]: Leaving directory `/home/tc/Downloads/eigen-eigen-1306d75b4a21/build_dir/CMakeFiles/CMakeTmp'

Source file was:
int main() { return 0;}
Performing C++ SOURCE FILE Test COMPILER_SUPPORT_OPENMP succeded with the following output:
Change Dir: /home/tc/Downloads/eigen-eigen-1306d75b4a21/build_dir/CMakeFiles/CMakeTmp

Run Build Command:/usr/local/bin/make "cmTryCompileExec1226589264/fast"
/usr/local/bin/make -f CMakeFiles/cmTryCompileExec1226589264.dir/build.make CMakeFiles/cmTryCompileExec1226589264.dir/build
make[1]: Entering directory `/home/tc/Downloads/eigen-eigen-1306d75b4a21/build_dir/CMakeFiles/CMakeTmp'
/tmp/tcloop/cmake/usr/local/bin/cmake -E cmake_progress_report /home/tc/Downloads/eigen-eigen-1306d75b4a21/build_dir/CMakeFiles/CMakeTmp/CMakeFiles 1
Building CXX object CMakeFiles/cmTryCompileExec1226589264.dir/src.cxx.o
/usr/local/bin/c++    -fexceptions -pedantic -Wall -Wextra -Wundef -Wcast-align -Wchar-subscripts -Wnon-virtual-dtor -Wunused-local-typedefs -Wpointer-arith -Wwrite-strings -Wformat-security -Wno-psabi -Wno-variadic-macros -Wno-long-long -fno-check-new -fno-common -fstrict-aliasing -ansi -DCOMPILER_SUPPORT_OPENMP   -fopenmp -o CMakeFiles/cmTryCompileExec1226589264.dir/src.cxx.o -c /home/tc/Downloads/eigen-eigen-1306d75b4a21/build_dir/CMakeFiles/CMakeTmp/src.cxx
Linking CXX executable cmTryCompileExec1226589264
/tmp/tcloop/cmake/usr/local/bin/cmake -E cmake_link_script CMakeFiles/cmTryCompileExec1226589264.dir/link.txt --verbose=1
/usr/local/bin/c++    -fexceptions -pedantic -Wall -Wextra -Wundef -Wcast-align -Wchar-subscripts -Wnon-virtual-dtor -Wunused-local-typedefs -Wpointer-arith -Wwrite-strings -Wformat-security -Wno-psabi -Wno-variadic-macros -Wno-long-long -fno-check-new -fno-common -fstrict-aliasing -ansi -DCOMPILER_SUPPORT_OPENMP    CMakeFiles/cmTryCompileExec1226589264.dir/src.cxx.o  -o cmTryCompileExec1226589264 -rdynamic 
make[1]: Leaving directory `/home/tc/Downloads/eigen-eigen-1306d75b4a21/build_dir/CMakeFiles/CMakeTmp'

Source file was:
int main() { return 0;}
Determining if the function XOpenDisplay exists in the /usr/local/lib/libX11.so;/usr/local/lib/libXext.so passed with the following output:
Change Dir: /home/tc/Downloads/eigen-eigen-1306d75b4a21/build_dir/CMakeFiles/CMakeTmp

Run Build Command:/usr/local/bin/make "cmTryCompileExec822959874/fast"
/usr/local/bin/make -f CMakeFiles/cmTryCompileExec822959874.dir/build.make CMakeFiles/cmTryCompileExec822959874.dir/build
make[1]: Entering directory `/home/tc/Downloads/eigen-eigen-1306d75b4a21/build_dir/CMakeFiles/CMakeTmp'
/tmp/tcloop/cmake/usr/local/bin/cmake -E cmake_progress_report /home/tc/Downloads/eigen-eigen-1306d75b4a21/build_dir/CMakeFiles/CMakeTmp/CMakeFiles 1
Building C object CMakeFiles/cmTryCompileExec822959874.dir/CheckFunctionExists.c.o
/usr/local/bin/cc   -DCHECK_FUNCTION_EXISTS=XOpenDisplay   -o CMakeFiles/cmTryCompileExec822959874.dir/CheckFunctionExists.c.o   -c /tmp/tcloop/cmake/usr/local/share/cmake-2.8/Modules/CheckFunctionExists.c
Linking C executable cmTryCompileExec822959874
/tmp/tcloop/cmake/usr/local/bin/cmake -E cmake_link_script CMakeFiles/cmTryCompileExec822959874.dir/link.txt --verbose=1
/usr/local/bin/cc   -DCHECK_FUNCTION_EXISTS=XOpenDisplay    CMakeFiles/cmTryCompileExec822959874.dir/CheckFunctionExists.c.o  -o cmTryCompileExec822959874 -rdynamic -lX11 -lXext 
make[1]: Leaving directory `/home/tc/Downloads/eigen-eigen-1306d75b4a21/build_dir/CMakeFiles/CMakeTmp'


Determining if the function gethostbyname exists passed with the following output:
Change Dir: /home/tc/Downloads/eigen-eigen-1306d75b4a21/build_dir/CMakeFiles/CMakeTmp

Run Build Command:/usr/local/bin/make "cmTryCompileExec2771754059/fast"
/usr/local/bin/make -f CMakeFiles/cmTryCompileExec2771754059.dir/build.make CMakeFiles/cmTryCompileExec2771754059.dir/build
make[1]: Entering directory `/home/tc/Downloads/eigen-eigen-1306d75b4a21/build_dir/CMakeFiles/CMakeTmp'
/tmp/tcloop/cmake/usr/local/bin/cmake -E cmake_progress_report /home/tc/Downloads/eigen-eigen-1306d75b4a21/build_dir/CMakeFiles/CMakeTmp/CMakeFiles 1
Building C object CMakeFiles/cmTryCompileExec2771754059.dir/CheckFunctionExists.c.o
/usr/local/bin/cc   -DCHECK_FUNCTION_EXISTS=gethostbyname   -o CMakeFiles/cmTryCompileExec2771754059.dir/CheckFunctionExists.c.o   -c /tmp/tcloop/cmake/usr/local/share/cmake-2.8/Modules/CheckFunctionExists.c
Linking C executable cmTryCompileExec2771754059
/tmp/tcloop/cmake/usr/local/bin/cmake -E cmake_link_script CMakeFiles/cmTryCompileExec2771754059.dir/link.txt --verbose=1
/usr/local/bin/cc   -DCHECK_FUNCTION_EXISTS=gethostbyname    CMakeFiles/cmTryCompileExec2771754059.dir/CheckFunctionExists.c.o  -o cmTryCompileExec2771754059 -rdynamic 
make[1]: Leaving directory `/home/tc/Downloads/eigen-eigen-1306d75b4a21/build_dir/CMakeFiles/CMakeTmp'


Determining if the function connect exists passed with the following output:
Change Dir: /home/tc/Downloads/eigen-eigen-1306d75b4a21/build_dir/CMakeFiles/CMakeTmp

Run Build Command:/usr/local/bin/make "cmTryCompileExec3604352883/fast"
/usr/local/bin/make -f CMakeFiles/cmTryCompileExec3604352883.dir/build.make CMakeFiles/cmTryCompileExec3604352883.dir/build
make[1]: Entering directory `/home/tc/Downloads/eigen-eigen-1306d75b4a21/build_dir/CMakeFiles/CMakeTmp'
/tmp/tcloop/cmake/usr/local/bin/cmake -E cmake_progress_report /home/tc/Downloads/eigen-eigen-1306d75b4a21/build_dir/CMakeFiles/CMakeTmp/CMakeFiles 1
Building C object CMakeFiles/cmTryCompileExec3604352883.dir/CheckFunctionExists.c.o
/usr/local/bin/cc   -DCHECK_FUNCTION_EXISTS=connect   -o CMakeFiles/cmTryCompileExec3604352883.dir/CheckFunctionExists.c.o   -c /tmp/tcloop/cmake/usr/local/share/cmake-2.8/Modules/CheckFunctionExists.c
Linking C executable cmTryCompileExec3604352883
/tmp/tcloop/cmake/usr/local/bin/cmake -E cmake_link_script CMakeFiles/cmTryCompileExec3604352883.dir/link.txt --verbose=1
/usr/local/bin/cc   -DCHECK_FUNCTION_EXISTS=connect    CMakeFiles/cmTryCompileExec3604352883.dir/CheckFunctionExists.c.o  -o cmTryCompileExec3604352883 -rdynamic 
make[1]: Leaving directory `/home/tc/Downloads/eigen-eigen-1306d75b4a21/build_dir/CMakeFiles/CMakeTmp'


Determining if the function remove exists passed with the following output:
Change Dir: /home/tc/Downloads/eigen-eigen-1306d75b4a21/build_dir/CMakeFiles/CMakeTmp

Run Build Command:/usr/local/bin/make "cmTryCompileExec602550055/fast"
/usr/local/bin/make -f CMakeFiles/cmTryCompileExec602550055.dir/build.make CMakeFiles/cmTryCompileExec602550055.dir/build
make[1]: Entering directory `/home/tc/Downloads/eigen-eigen-1306d75b4a21/build_dir/CMakeFiles/CMakeTmp'
/tmp/tcloop/cmake/usr/local/bin/cmake -E cmake_progress_report /home/tc/Downloads/eigen-eigen-1306d75b4a21/build_dir/CMakeFiles/CMakeTmp/CMakeFiles 1
Building C object CMakeFiles/cmTryCompileExec602550055.dir/CheckFunctionExists.c.o
/usr/local/bin/cc   -DCHECK_FUNCTION_EXISTS=remove   -o CMakeFiles/cmTryCompileExec602550055.dir/CheckFunctionExists.c.o   -c /tmp/tcloop/cmake/usr/local/share/cmake-2.8/Modules/CheckFunctionExists.c
Linking C executable cmTryCompileExec602550055
/tmp/tcloop/cmake/usr/local/bin/cmake -E cmake_link_script CMakeFiles/cmTryCompileExec602550055.dir/link.txt --verbose=1
/usr/local/bin/cc   -DCHECK_FUNCTION_EXISTS=remove    CMakeFiles/cmTryCompileExec602550055.dir/CheckFunctionExists.c.o  -o cmTryCompileExec602550055 -rdynamic 
make[1]: Leaving directory `/home/tc/Downloads/eigen-eigen-1306d75b4a21/build_dir/CMakeFiles/CMakeTmp'


Determining if the function shmat exists passed with the following output:
Change Dir: /home/tc/Downloads/eigen-eigen-1306d75b4a21/build_dir/CMakeFiles/CMakeTmp

Run Build Command:/usr/local/bin/make "cmTryCompileExec3271100821/fast"
/usr/local/bin/make -f CMakeFiles/cmTryCompileExec3271100821.dir/build.make CMakeFiles/cmTryCompileExec3271100821.dir/build
make[1]: Entering directory `/home/tc/Downloads/eigen-eigen-1306d75b4a21/build_dir/CMakeFiles/CMakeTmp'
/tmp/tcloop/cmake/usr/local/bin/cmake -E cmake_progress_report /home/tc/Downloads/eigen-eigen-1306d75b4a21/build_dir/CMakeFiles/CMakeTmp/CMakeFiles 1
Building C object CMakeFiles/cmTryCompileExec3271100821.dir/CheckFunctionExists.c.o
/usr/local/bin/cc   -DCHECK_FUNCTION_EXISTS=shmat   -o CMakeFiles/cmTryCompileExec3271100821.dir/CheckFunctionExists.c.o   -c /tmp/tcloop/cmake/usr/local/share/cmake-2.8/Modules/CheckFunctionExists.c
Linking C executable cmTryCompileExec3271100821
/tmp/tcloop/cmake/usr/local/bin/cmake -E cmake_link_script CMakeFiles/cmTryCompileExec3271100821.dir/link.txt --verbose=1
/usr/local/bin/cc   -DCHECK_FUNCTION_EXISTS=shmat    CMakeFiles/cmTryCompileExec3271100821.dir/CheckFunctionExists.c.o  -o cmTryCompileExec3271100821 -rdynamic 
make[1]: Leaving directory `/home/tc/Downloads/eigen-eigen-1306d75b4a21/build_dir/CMakeFiles/CMakeTmp'


Determining if the function IceConnectionNumber exists in the ICE passed with the following output:
Change Dir: /home/tc/Downloads/eigen-eigen-1306d75b4a21/build_dir/CMakeFiles/CMakeTmp

Run Build Command:/usr/local/bin/make "cmTryCompileExec1529880284/fast"
/usr/local/bin/make -f CMakeFiles/cmTryCompileExec1529880284.dir/build.make CMakeFiles/cmTryCompileExec1529880284.dir/build
make[1]: Entering directory `/home/tc/Downloads/eigen-eigen-1306d75b4a21/build_dir/CMakeFiles/CMakeTmp'
/tmp/tcloop/cmake/usr/local/bin/cmake -E cmake_progress_report /home/tc/Downloads/eigen-eigen-1306d75b4a21/build_dir/CMakeFiles/CMakeTmp/CMakeFiles 1
Building C object CMakeFiles/cmTryCompileExec1529880284.dir/CheckFunctionExists.c.o
/usr/local/bin/cc   -DCHECK_FUNCTION_EXISTS=IceConnectionNumber   -o CMakeFiles/cmTryCompileExec1529880284.dir/CheckFunctionExists.c.o   -c /tmp/tcloop/cmake/usr/local/share/cmake-2.8/Modules/CheckFunctionExists.c
Linking C executable cmTryCompileExec1529880284
/tmp/tcloop/cmake/usr/local/bin/cmake -E cmake_link_script CMakeFiles/cmTryCompileExec1529880284.dir/link.txt --verbose=1
/usr/local/bin/cc   -DCHECK_FUNCTION_EXISTS=IceConnectionNumber    CMakeFiles/cmTryCompileExec1529880284.dir/CheckFunctionExists.c.o  -o cmTryCompileExec1529880284 -rdynamic -lICE 
make[1]: Leaving directory `/home/tc/Downloads/eigen-eigen-1306d75b4a21/build_dir/CMakeFiles/CMakeTmp'


